[2025-08-07 19:31:36] [INFO] [API] GenericAPIService initialized
[2025-08-07 19:31:36] [INFO] [API] Loaded API configuration: https://jsonplaceholder.typicode.com
[2025-08-07 19:31:36] [INFO] [API] No authentication configured
[2025-08-07 19:31:36] [INFO] [API] GenericAPIService configured for: https://jsonplaceholder.typicode.com
[2025-08-07 19:31:43] [INFO] [API] GenericAPIService initialized
[2025-08-07 19:31:43] [INFO] [API] Loaded API configuration: https://jsonplaceholder.typicode.com
[2025-08-07 19:31:43] [INFO] [API] No authentication configured
[2025-08-07 19:31:43] [INFO] [API] GenericAPIService configured for: https://jsonplaceholder.typicode.com
[2025-08-07 19:31:43] [INFO] [API] GET request to: https://jsonplaceholder.typicode.com/posts
[2025-08-07 19:31:43] [INFO] [API] GET request successful
[2025-08-07 19:31:43] [INFO] [API] GET request to: https://jsonplaceholder.typicode.com/posts/1
[2025-08-07 19:31:43] [INFO] [API] GET request successful
[2025-08-07 19:31:43] [INFO] [API] POST request to: https://jsonplaceholder.typicode.com/posts
[2025-08-07 19:31:44] [INFO] [API] POST request successful
[2025-08-07 19:31:44] [INFO] [API] PUT request to: https://jsonplaceholder.typicode.com/posts/101
[2025-08-07 19:31:45] [ERROR] [API] PUT request failed: The remote server returned an error: (500) Internal Server Error.
[2025-08-07 19:31:45] [INFO] [API] DELETE request to: https://jsonplaceholder.typicode.com/posts/101
[2025-08-07 19:31:45] [INFO] [API] DELETE request successful
[2025-08-07 19:31:45] [INFO] [API] GET request to: https://jsonplaceholder.typicode.com/posts
[2025-08-07 19:31:45] [INFO] [API] GET request successful
[2025-08-07 19:31:45] [INFO] [API] GET request to: https://jsonplaceholder.typicode.com/posts/1
[2025-08-07 19:31:45] [INFO] [API] GET request successful
[2025-08-07 19:31:45] [INFO] [API] POST request to: https://jsonplaceholder.typicode.com/posts
[2025-08-07 19:31:46] [INFO] [API] POST request successful
[2025-08-07 19:31:46] [INFO] [API] PUT request to: https://jsonplaceholder.typicode.com/posts/101
[2025-08-07 19:31:47] [ERROR] [API] PUT request failed: The remote server returned an error: (500) Internal Server Error.
[2025-08-07 19:31:47] [INFO] [API] DELETE request to: https://jsonplaceholder.typicode.com/posts/101
[2025-08-07 19:31:48] [INFO] [API] DELETE request successful
[2025-08-07 19:32:01] [INFO] [API] GenericAPIService initialized
[2025-08-07 19:32:01] [INFO] [API] Loaded API configuration: https://jsonplaceholder.typicode.com
[2025-08-07 19:32:01] [INFO] [API] No authentication configured
[2025-08-07 19:32:01] [INFO] [API] GenericAPIService configured for: https://jsonplaceholder.typicode.com
[2025-08-07 19:32:01] [INFO] [API] GET request to: https://jsonplaceholder.typicode.com/users/1
[2025-08-07 19:32:02] [INFO] [API] GET request successful
[2025-08-07 19:33:31] [INFO] [API] GenericAPIService initialized
[2025-08-07 19:33:31] [INFO] [API] Loaded API configuration: https://jsonplaceholder.typicode.com
[2025-08-07 19:33:31] [INFO] [API] No authentication configured
[2025-08-07 19:33:31] [INFO] [API] GenericAPIService configured for: https://jsonplaceholder.typicode.com
[2025-08-07 19:33:31] [INFO] [API] GET request to: https://jsonplaceholder.typicode.com/posts
[2025-08-07 19:33:31] [INFO] [API] GET request successful
[2025-08-07 19:33:31] [INFO] [API] GET request to: https://jsonplaceholder.typicode.com/posts/1
[2025-08-07 19:33:31] [INFO] [API] GET request successful
[2025-08-07 19:33:31] [INFO] [API] POST request to: https://jsonplaceholder.typicode.com/posts
[2025-08-07 19:33:32] [INFO] [API] POST request successful
[2025-08-07 19:33:32] [INFO] [API] PUT request to: https://jsonplaceholder.typicode.com/posts/101
[2025-08-07 19:33:33] [ERROR] [API] PUT request failed: The remote server returned an error: (500) Internal Server Error.
[2025-08-07 19:33:33] [INFO] [API] DELETE request to: https://jsonplaceholder.typicode.com/posts/101
[2025-08-07 19:33:33] [INFO] [API] DELETE request successful
[2025-08-07 19:33:39] [INFO] [API] GenericAPIService initialized
[2025-08-07 19:33:40] [INFO] [API] Loaded API configuration: https://jsonplaceholder.typicode.com
[2025-08-07 19:33:40] [INFO] [API] No authentication configured
[2025-08-07 19:33:40] [INFO] [API] GenericAPIService configured for: https://jsonplaceholder.typicode.com
[2025-08-07 19:33:40] [INFO] [API] GET request to: https://jsonplaceholder.typicode.com/users
[2025-08-07 19:33:40] [INFO] [API] GET request successful
[2025-08-07 19:33:47] [INFO] [API] GenericAPIService initialized
[2025-08-07 19:33:47] [INFO] [API] Loaded API configuration: https://jsonplaceholder.typicode.com
[2025-08-07 19:33:47] [INFO] [API] No authentication configured
[2025-08-07 19:33:47] [INFO] [API] GenericAPIService configured for: https://jsonplaceholder.typicode.com
[2025-08-07 19:33:47] [INFO] [API] POST request to: https://jsonplaceholder.typicode.com/posts
[2025-08-07 19:33:47] [INFO] [API] POST request successful
[2025-08-07 19:38:17] [INFO] [API] GenericAPIService initialized
[2025-08-07 19:38:17] [INFO] [API] Loaded API configuration: https://jsonplaceholder.typicode.com
[2025-08-07 19:38:17] [INFO] [API] No authentication configured
[2025-08-07 19:38:17] [INFO] [API] GenericAPIService configured for: https://jsonplaceholder.typicode.com
[2025-08-07 19:38:17] [INFO] [API] GET request to: https://jsonplaceholder.typicode.com/pet/findByStatus?status=available
[2025-08-07 19:38:18] [ERROR] [API] GET request failed: The remote server returned an error: (404) Not Found.
[2025-08-07 19:45:00] [INFO] [API] GenericAPIService initialized
[2025-08-07 19:45:00] [INFO] [API] Loaded API configuration: https://jsonplaceholder.typicode.com
[2025-08-07 19:45:00] [INFO] [API] No authentication configured
[2025-08-07 19:45:00] [INFO] [API] GenericAPIService configured for: https://jsonplaceholder.typicode.com
[2025-08-07 19:45:00] [INFO] [API] GenericAPIService initialized
[2025-08-07 19:45:00] [INFO] [API] Loaded API configuration: https://jsonplaceholder.typicode.com
[2025-08-07 19:45:00] [INFO] [API] No authentication configured
[2025-08-07 19:45:00] [INFO] [API] GenericAPIService configured for: https://jsonplaceholder.typicode.com
[2025-08-07 19:45:00] [INFO] [API] GET request to: https://jsonplaceholder.typicode.com/posts/1
[2025-08-07 19:45:00] [INFO] [API] GET request successful
[2025-08-07 19:45:06] [INFO] [API] GenericAPIService initialized
[2025-08-07 19:45:06] [INFO] [API] Loaded API configuration: https://jsonplaceholder.typicode.com
[2025-08-07 19:45:06] [INFO] [API] No authentication configured
[2025-08-07 19:45:06] [INFO] [API] GenericAPIService configured for: https://jsonplaceholder.typicode.com
[2025-08-07 19:45:06] [INFO] [API] GenericAPIService initialized
[2025-08-07 19:45:06] [INFO] [API] Loaded API configuration: https://jsonplaceholder.typicode.com
[2025-08-07 19:45:06] [INFO] [API] No authentication configured
[2025-08-07 19:45:06] [INFO] [API] GenericAPIService configured for: https://jsonplaceholder.typicode.com
[2025-08-07 19:45:34] [INFO] [API] GenericAPIService initialized
[2025-08-07 19:45:34] [INFO] [API] Loaded API configuration: https://jsonplaceholder.typicode.com
[2025-08-07 19:45:34] [INFO] [API] No authentication configured
[2025-08-07 19:45:34] [INFO] [API] GenericAPIService configured for: https://jsonplaceholder.typicode.com
[2025-08-07 19:45:34] [INFO] [API] GenericAPIService initialized
[2025-08-07 19:45:34] [INFO] [API] Loaded API configuration: https://jsonplaceholder.typicode.com
[2025-08-07 19:45:34] [INFO] [API] No authentication configured
[2025-08-07 19:45:34] [INFO] [API] GenericAPIService configured for: https://jsonplaceholder.typicode.com
[2025-08-07 19:45:34] [INFO] [API] POST request to: https://jsonplaceholder.typicode.com/posts
[2025-08-07 19:45:35] [INFO] [API] POST request successful
[2025-08-07 19:45:47] [INFO] [API] GenericAPIService initialized
[2025-08-07 19:45:47] [INFO] [API] Loaded API configuration: https://jsonplaceholder.typicode.com
[2025-08-07 19:45:47] [INFO] [API] No authentication configured
[2025-08-07 19:45:47] [INFO] [API] GenericAPIService configured for: https://jsonplaceholder.typicode.com
[2025-08-07 19:45:47] [INFO] [API] GenericAPIService initialized
[2025-08-07 19:45:47] [INFO] [API] Loaded API configuration: https://jsonplaceholder.typicode.com
[2025-08-07 19:45:47] [INFO] [API] No authentication configured
[2025-08-07 19:45:47] [INFO] [API] GenericAPIService configured for: https://jsonplaceholder.typicode.com
[2025-08-07 19:45:47] [INFO] [API] GET request to: https://httpbin.org/get&test=dynamic&mode=inline
[2025-08-07 19:45:48] [ERROR] [API] GET request failed: The underlying connection was closed: An unexpected error occurred on a send.
[2025-08-07 19:53:29] [INFO] [API] GenericAPIService initialized
[2025-08-07 19:53:29] [INFO] [API] Loaded API configuration: https://jsonplaceholder.typicode.com
[2025-08-07 19:53:29] [INFO] [API] No authentication configured
[2025-08-07 19:53:29] [INFO] [API] GenericAPIService configured for: https://jsonplaceholder.typicode.com
[2025-08-07 19:53:29] [INFO] [API] GenericAPIService initialized
[2025-08-07 19:53:29] [INFO] [API] Loaded API configuration: https://jsonplaceholder.typicode.com
[2025-08-07 19:53:29] [INFO] [API] No authentication configured
[2025-08-07 19:53:29] [INFO] [API] GenericAPIService configured for: https://jsonplaceholder.typicode.com
[2025-08-07 19:53:29] [INFO] [API] GET request to: https://jsonplaceholder.typicode.com/posts/1
[2025-08-07 19:53:29] [INFO] [API] GET request successful
[2025-08-07 20:06:54] [INFO] [API] GenericAPIService initialized with authentication recovery
[2025-08-07 20:06:54] [INFO] [API] Loaded API configuration: https://jsonplaceholder.typicode.com
[2025-08-07 20:06:54] [INFO] [API] No authentication configured
[2025-08-07 20:06:54] [INFO] [API] GenericAPIService configured for: https://jsonplaceholder.typicode.com
[2025-08-07 20:06:54] [INFO] [API] GenericAPIService initialized with authentication recovery
[2025-08-07 20:06:54] [INFO] [API] Loaded API configuration: https://jsonplaceholder.typicode.com
[2025-08-07 20:06:54] [INFO] [API] No authentication configured
[2025-08-07 20:06:54] [INFO] [API] GenericAPIService configured for: https://jsonplaceholder.typicode.com
[2025-08-07 20:06:54] [INFO] [API] GET request to: https://api.github.com/user (Attempt: 1)
[2025-08-07 20:06:55] [WARNING] [API] GET request failed (Attempt: 1): The remote server returned an error: (401) Unauthorized.
